{"/Users/habidbespinosa/Desktop/curso-react-juan/rest_api_node_ts_server/src/router.ts": {"path":"/Users/habidbespinosa/Desktop/curso-react-juan/rest_api_node_ts_server/src/router.ts","statementMap":{"0":{"start":{"line":1,"column":0},"end":{"line":1,"column":33}},"1":{"start":{"line":2,"column":0},"end":{"line":2,"column":null}},"2":{"start":{"line":10,"column":0},"end":{"line":10,"column":48}},"3":{"start":{"line":11,"column":0},"end":{"line":11,"column":50}},"4":{"start":{"line":13,"column":15},"end":{"line":13,"column":23}},"5":{"start":{"line":16,"column":0},"end":{"line":16,"column":29}},"6":{"start":{"line":18,"column":0},"end":{"line":23,"column":2}},"7":{"start":{"line":25,"column":0},"end":{"line":39,"column":2}},"8":{"start":{"line":35,"column":23},"end":{"line":35,"column":32}},"9":{"start":{"line":41,"column":0},"end":{"line":58,"column":2}},"10":{"start":{"line":51,"column":23},"end":{"line":51,"column":32}},"11":{"start":{"line":60,"column":0},"end":{"line":65,"column":2}},"12":{"start":{"line":67,"column":0},"end":{"line":72,"column":2}},"13":{"start":{"line":74,"column":0},"end":{"line":74,"column":22}}},"fnMap":{"0":{"name":"(anonymous_0)","decl":{"start":{"line":35,"column":12},"end":{"line":35,"column":13}},"loc":{"start":{"line":35,"column":23},"end":{"line":35,"column":32}}},"1":{"name":"(anonymous_1)","decl":{"start":{"line":51,"column":12},"end":{"line":51,"column":13}},"loc":{"start":{"line":51,"column":23},"end":{"line":51,"column":32}}}},"branchMap":{},"s":{"0":2,"1":2,"2":2,"3":2,"4":2,"5":2,"6":2,"7":2,"8":4,"9":2,"10":5,"11":2,"12":2,"13":2},"f":{"0":4,"1":5},"b":{}}
,"/Users/habidbespinosa/Desktop/curso-react-juan/rest_api_node_ts_server/src/server.ts": {"path":"/Users/habidbespinosa/Desktop/curso-react-juan/rest_api_node_ts_server/src/server.ts","statementMap":{"0":{"start":{"line":8,"column":0},"end":{"line":8,"column":22}},"1":{"start":{"line":1,"column":0},"end":{"line":1,"column":30}},"2":{"start":{"line":2,"column":0},"end":{"line":2,"column":30}},"3":{"start":{"line":3,"column":0},"end":{"line":3,"column":29}},"4":{"start":{"line":5,"column":0},"end":{"line":5,"column":28}},"5":{"start":{"line":9,"column":2},"end":{"line":14,"column":3}},"6":{"start":{"line":10,"column":4},"end":{"line":10,"column":28}},"7":{"start":{"line":11,"column":4},"end":{"line":11,"column":14}},"8":{"start":{"line":13,"column":4},"end":{"line":13,"column":78}},"9":{"start":{"line":17,"column":0},"end":{"line":17,"column":12}},"10":{"start":{"line":19,"column":15},"end":{"line":19,"column":24}},"11":{"start":{"line":22,"column":0},"end":{"line":22,"column":27}},"12":{"start":{"line":24,"column":0},"end":{"line":24,"column":36}},"13":{"start":{"line":26,"column":0},"end":{"line":28,"column":3}},"14":{"start":{"line":27,"column":2},"end":{"line":27,"column":33}},"15":{"start":{"line":30,"column":0},"end":{"line":30,"column":22}}},"fnMap":{"0":{"name":"connectDB","decl":{"start":{"line":8,"column":22},"end":{"line":8,"column":31}},"loc":{"start":{"line":8,"column":31},"end":{"line":15,"column":null}}},"1":{"name":"(anonymous_10)","decl":{"start":{"line":26,"column":19},"end":{"line":26,"column":20}},"loc":{"start":{"line":26,"column":32},"end":{"line":28,"column":1}}}},"branchMap":{},"s":{"0":2,"1":2,"2":2,"3":2,"4":2,"5":3,"6":3,"7":2,"8":1,"9":2,"10":2,"11":2,"12":2,"13":2,"14":1,"15":2},"f":{"0":3,"1":1},"b":{}}
,"/Users/habidbespinosa/Desktop/curso-react-juan/rest_api_node_ts_server/src/config/db.ts": {"path":"/Users/habidbespinosa/Desktop/curso-react-juan/rest_api_node_ts_server/src/config/db.ts","statementMap":{"0":{"start":{"line":1,"column":0},"end":{"line":1,"column":28}},"1":{"start":{"line":2,"column":0},"end":{"line":2,"column":49}},"2":{"start":{"line":4,"column":0},"end":{"line":4,"column":16}},"3":{"start":{"line":6,"column":11},"end":{"line":10,"column":2}},"4":{"start":{"line":12,"column":0},"end":{"line":12,"column":18}}},"fnMap":{},"branchMap":{},"s":{"0":2,"1":2,"2":2,"3":2,"4":2},"f":{},"b":{}}
,"/Users/habidbespinosa/Desktop/curso-react-juan/rest_api_node_ts_server/src/handlers/product.ts": {"path":"/Users/habidbespinosa/Desktop/curso-react-juan/rest_api_node_ts_server/src/handlers/product.ts","statementMap":{"0":{"start":{"line":2,"column":0},"end":{"line":2,"column":46}},"1":{"start":{"line":4,"column":27},"end":{"line":9,"column":2}},"2":{"start":{"line":4,"column":65},"end":{"line":9,"column":2}},"3":{"start":{"line":5,"column":19},"end":{"line":7,"column":4}},"4":{"start":{"line":8,"column":2},"end":{"line":8,"column":31}},"5":{"start":{"line":4,"column":13},"end":{"line":4,"column":27}},"6":{"start":{"line":11,"column":31},"end":{"line":21,"column":2}},"7":{"start":{"line":11,"column":69},"end":{"line":21,"column":2}},"8":{"start":{"line":12,"column":17},"end":{"line":12,"column":27}},"9":{"start":{"line":13,"column":18},"end":{"line":13,"column":44}},"10":{"start":{"line":15,"column":2},"end":{"line":18,"column":3}},"11":{"start":{"line":16,"column":4},"end":{"line":16,"column":57}},"12":{"start":{"line":17,"column":4},"end":{"line":17,"column":11}},"13":{"start":{"line":20,"column":2},"end":{"line":20,"column":30}},"14":{"start":{"line":11,"column":13},"end":{"line":11,"column":31}},"15":{"start":{"line":23,"column":29},"end":{"line":26,"column":2}},"16":{"start":{"line":23,"column":67},"end":{"line":26,"column":2}},"17":{"start":{"line":24,"column":18},"end":{"line":24,"column":48}},"18":{"start":{"line":25,"column":2},"end":{"line":25,"column":42}},"19":{"start":{"line":23,"column":13},"end":{"line":23,"column":29}},"20":{"start":{"line":28,"column":29},"end":{"line":40,"column":2}},"21":{"start":{"line":28,"column":67},"end":{"line":40,"column":2}},"22":{"start":{"line":29,"column":17},"end":{"line":29,"column":27}},"23":{"start":{"line":30,"column":18},"end":{"line":30,"column":44}},"24":{"start":{"line":32,"column":2},"end":{"line":35,"column":3}},"25":{"start":{"line":33,"column":4},"end":{"line":33,"column":57}},"26":{"start":{"line":34,"column":4},"end":{"line":34,"column":11}},"27":{"start":{"line":37,"column":25},"end":{"line":37,"column":55}},"28":{"start":{"line":39,"column":2},"end":{"line":39,"column":37}},"29":{"start":{"line":28,"column":13},"end":{"line":28,"column":29}},"30":{"start":{"line":42,"column":34},"end":{"line":54,"column":2}},"31":{"start":{"line":42,"column":72},"end":{"line":54,"column":2}},"32":{"start":{"line":43,"column":17},"end":{"line":43,"column":27}},"33":{"start":{"line":44,"column":18},"end":{"line":44,"column":44}},"34":{"start":{"line":46,"column":2},"end":{"line":49,"column":3}},"35":{"start":{"line":47,"column":4},"end":{"line":47,"column":57}},"36":{"start":{"line":48,"column":4},"end":{"line":48,"column":11}},"37":{"start":{"line":51,"column":2},"end":{"line":51,"column":58}},"38":{"start":{"line":52,"column":2},"end":{"line":52,"column":23}},"39":{"start":{"line":53,"column":2},"end":{"line":53,"column":30}},"40":{"start":{"line":42,"column":13},"end":{"line":42,"column":34}},"41":{"start":{"line":56,"column":29},"end":{"line":67,"column":2}},"42":{"start":{"line":56,"column":67},"end":{"line":67,"column":2}},"43":{"start":{"line":57,"column":17},"end":{"line":57,"column":27}},"44":{"start":{"line":58,"column":18},"end":{"line":58,"column":44}},"45":{"start":{"line":60,"column":2},"end":{"line":63,"column":3}},"46":{"start":{"line":61,"column":4},"end":{"line":61,"column":57}},"47":{"start":{"line":62,"column":4},"end":{"line":62,"column":11}},"48":{"start":{"line":65,"column":2},"end":{"line":65,"column":26}},"49":{"start":{"line":66,"column":2},"end":{"line":66,"column":40}},"50":{"start":{"line":56,"column":13},"end":{"line":56,"column":29}}},"fnMap":{"0":{"name":"(anonymous_8)","decl":{"start":{"line":4,"column":27},"end":{"line":4,"column":34}},"loc":{"start":{"line":4,"column":65},"end":{"line":9,"column":2}}},"1":{"name":"(anonymous_9)","decl":{"start":{"line":4,"column":65},"end":{"line":4,"column":null}},"loc":{"start":{"line":4,"column":65},"end":{"line":9,"column":1}}},"2":{"name":"(anonymous_10)","decl":{"start":{"line":11,"column":31},"end":{"line":11,"column":38}},"loc":{"start":{"line":11,"column":69},"end":{"line":21,"column":2}}},"3":{"name":"(anonymous_11)","decl":{"start":{"line":11,"column":69},"end":{"line":11,"column":null}},"loc":{"start":{"line":11,"column":69},"end":{"line":21,"column":1}}},"4":{"name":"(anonymous_12)","decl":{"start":{"line":23,"column":29},"end":{"line":23,"column":36}},"loc":{"start":{"line":23,"column":67},"end":{"line":26,"column":2}}},"5":{"name":"(anonymous_13)","decl":{"start":{"line":23,"column":67},"end":{"line":23,"column":null}},"loc":{"start":{"line":23,"column":67},"end":{"line":26,"column":1}}},"6":{"name":"(anonymous_14)","decl":{"start":{"line":28,"column":29},"end":{"line":28,"column":36}},"loc":{"start":{"line":28,"column":67},"end":{"line":40,"column":2}}},"7":{"name":"(anonymous_15)","decl":{"start":{"line":28,"column":67},"end":{"line":28,"column":null}},"loc":{"start":{"line":28,"column":67},"end":{"line":40,"column":1}}},"8":{"name":"(anonymous_16)","decl":{"start":{"line":42,"column":34},"end":{"line":42,"column":41}},"loc":{"start":{"line":42,"column":72},"end":{"line":54,"column":2}}},"9":{"name":"(anonymous_17)","decl":{"start":{"line":42,"column":72},"end":{"line":42,"column":null}},"loc":{"start":{"line":42,"column":72},"end":{"line":54,"column":1}}},"10":{"name":"(anonymous_18)","decl":{"start":{"line":56,"column":29},"end":{"line":56,"column":36}},"loc":{"start":{"line":56,"column":67},"end":{"line":67,"column":2}}},"11":{"name":"(anonymous_19)","decl":{"start":{"line":56,"column":67},"end":{"line":56,"column":null}},"loc":{"start":{"line":56,"column":67},"end":{"line":67,"column":1}}}},"branchMap":{"0":{"loc":{"start":{"line":15,"column":2},"end":{"line":18,"column":3}},"type":"if","locations":[{"start":{"line":15,"column":2},"end":{"line":18,"column":3}}]},"1":{"loc":{"start":{"line":32,"column":2},"end":{"line":35,"column":3}},"type":"if","locations":[{"start":{"line":32,"column":2},"end":{"line":35,"column":3}}]},"2":{"loc":{"start":{"line":46,"column":2},"end":{"line":49,"column":3}},"type":"if","locations":[{"start":{"line":46,"column":2},"end":{"line":49,"column":3}}]},"3":{"loc":{"start":{"line":60,"column":2},"end":{"line":63,"column":3}},"type":"if","locations":[{"start":{"line":60,"column":2},"end":{"line":63,"column":3}}]}},"s":{"0":2,"1":2,"2":2,"3":2,"4":2,"5":2,"6":2,"7":2,"8":2,"9":2,"10":2,"11":1,"12":1,"13":1,"14":2,"15":2,"16":1,"17":1,"18":1,"19":2,"20":2,"21":2,"22":2,"23":2,"24":2,"25":1,"26":1,"27":1,"28":1,"29":2,"30":2,"31":2,"32":2,"33":2,"34":2,"35":1,"36":1,"37":1,"38":1,"39":1,"40":2,"41":2,"42":2,"43":2,"44":2,"45":2,"46":1,"47":1,"48":1,"49":1,"50":2},"f":{"0":2,"1":2,"2":2,"3":2,"4":1,"5":1,"6":2,"7":2,"8":2,"9":2,"10":2,"11":2},"b":{"0":[1],"1":[1],"2":[1],"3":[1]}}
,"/Users/habidbespinosa/Desktop/curso-react-juan/rest_api_node_ts_server/src/middlewares/index.ts": {"path":"/Users/habidbespinosa/Desktop/curso-react-juan/rest_api_node_ts_server/src/middlewares/index.ts","statementMap":{"0":{"start":{"line":2,"column":0},"end":{"line":2,"column":53}},"1":{"start":{"line":4,"column":33},"end":{"line":15,"column":1}},"2":{"start":{"line":9,"column":15},"end":{"line":9,"column":36}},"3":{"start":{"line":10,"column":2},"end":{"line":13,"column":3}},"4":{"start":{"line":11,"column":4},"end":{"line":11,"column":53}},"5":{"start":{"line":12,"column":4},"end":{"line":12,"column":11}},"6":{"start":{"line":14,"column":2},"end":{"line":14,"column":9}},"7":{"start":{"line":4,"column":13},"end":{"line":4,"column":33}}},"fnMap":{"0":{"name":"(anonymous_0)","decl":{"start":{"line":4,"column":33},"end":{"line":4,"column":null}},"loc":{"start":{"line":8,"column":4},"end":{"line":15,"column":1}}}},"branchMap":{"0":{"loc":{"start":{"line":10,"column":2},"end":{"line":13,"column":3}},"type":"if","locations":[{"start":{"line":10,"column":2},"end":{"line":13,"column":3}}]}},"s":{"0":2,"1":2,"2":17,"3":17,"4":8,"5":8,"6":9,"7":2},"f":{"0":17},"b":{"0":[8]}}
,"/Users/habidbespinosa/Desktop/curso-react-juan/rest_api_node_ts_server/src/models/Product.model.ts": {"path":"/Users/habidbespinosa/Desktop/curso-react-juan/rest_api_node_ts_server/src/models/Product.model.ts","statementMap":{"0":{"start":{"line":1,"column":0},"end":{"line":1,"column":79}},"1":{"start":{"line":6,"column":0},"end":{"line":22,"column":null}},"2":{"start":{"line":10,"column":10},"end":{"line":10,"column":null}},"3":{"start":{"line":15,"column":10},"end":{"line":15,"column":null}},"4":{"start":{"line":21,"column":10},"end":{"line":21,"column":null}},"5":{"start":{"line":6,"column":6},"end":{"line":22,"column":null}},"6":{"start":{"line":24,"column":0},"end":{"line":24,"column":23}}},"fnMap":{},"branchMap":{},"s":{"0":3,"1":3,"2":3,"3":3,"4":3,"5":3,"6":3},"f":{},"b":{}}
}
